EX_TREA_1H/EX_TDREA_1H/app/build/intermediates/manifest_merge_blame_file/debug/manifest-merger-blame-debug-report.txt
1<?xml version="1.0" encoding="utf-8"?>
2<manifest xmlns:android="http://schemas.android.com/apk/res/android"
3    package="com.example.proyecto_final_1h_g04"
4    android:versionCode="1"
5    android:versionName="1.0" >
6
7    <uses-sdk
8        android:minSdkVersion="21"
8-->src\main\AndroidManifest.xml
9        android:targetSdkVersion="29" />
9-->src\main\AndroidManifest.xml
10
11    <uses-permission android:name="android.permission.READ_EXTERNAL_STORAGE" />
11-->src\main\AndroidManifest.xml:5:5-80
11-->src\main\AndroidManifest.xml:5:22-77
12    <uses-permission android:name="android.permission.WRITE_EXTERNAL_STORAGE" />
12-->src\main\AndroidManifest.xml:6:5-81
12-->src\main\AndroidManifest.xml:6:22-78
13    <uses-permission android:name="android.permission.INTERNET" />
13-->src\main\AndroidManifest.xml:7:5-66
13-->src\main\AndroidManifest.xml:7:22-64
14    <uses-permission android:name="android.permission.WRITE_INTERNAL_STORAGE" />
14-->src\main\AndroidManifest.xml:8:5-81
14-->src\main\AndroidManifest.xml:8:22-78
15    <uses-permission android:name="android.permission.READ_INTERNAL_STORAGE" />
15-->src\main\AndroidManifest.xml:9:5-80
15-->src\main\AndroidManifest.xml:9:22-77
16
17    <application
17-->src\main\AndroidManifest.xml:10:5-34:19
18        android:allowBackup="true"
18-->src\main\AndroidManifest.xml:11:9-35
19        android:appComponentFactory="androidx.core.app.CoreComponentFactory"
19-->[androidx.core:core:1.1.0] AndroidManifest.xml:24:18-86
20        android:debuggable="true"
21        android:fullBackupContent="true"
21-->src\main\AndroidManifest.xml:12:9-41
22        android:icon="@mipmap/ic_launcher"
22-->src\main\AndroidManifest.xml:13:9-43
23        android:label="OPTATIVA 1H"
23-->src\main\AndroidManifest.xml:14:9-36
24        android:roundIcon="@mipmap/ic_launcher_round"
24-->src\main\AndroidManifest.xml:15:9-54
25        android:supportsRtl="true"
25-->src\main\AndroidManifest.xml:16:9-35
26        android:theme="@style/AppTheme" >
26-->src\main\AndroidManifest.xml:17:9-40
27        <activity android:name="com.example.proyecto_final_1h_g04.Listar" />
27-->src\main\AndroidManifest.xml:19:9-43
27-->src\main\AndroidManifest.xml:19:19-41
28        <activity android:name="com.example.proyecto_final_1h_g04.Opciones" />
28-->src\main\AndroidManifest.xml:20:9-46
28-->src\main\AndroidManifest.xml:20:19-43
29        <activity android:name="com.example.proyecto_final_1h_g04.Detalle" />
29-->src\main\AndroidManifest.xml:21:9-45
29-->src\main\AndroidManifest.xml:21:19-42
30        <activity android:name="com.example.proyecto_final_1h_g04.Editar" />
30-->src\main\AndroidManifest.xml:22:9-44
30-->src\main\AndroidManifest.xml:22:19-41
31        <activity android:name="com.example.proyecto_final_1h_g04.Registro" />
31-->src\main\AndroidManifest.xml:23:9-46
31-->src\main\AndroidManifest.xml:23:19-43
32        <activity android:name="com.example.proyecto_final_1h_g04.MainActivity" >
32-->src\main\AndroidManifest.xml:24:9-32:20
32-->src\main\AndroidManifest.xml:24:19-47
33            <intent-filter>
33-->src\main\AndroidManifest.xml:26:13-31:29
34                <action android:name="android.intent.action.MAIN" />
34-->src\main\AndroidManifest.xml:27:17-69
34-->src\main\AndroidManifest.xml:27:25-66
35                <action android:name="android.intent.action.VIEW" />
35-->src\main\AndroidManifest.xml:28:17-69
35-->src\main\AndroidManifest.xml:28:25-66
36
37                <category android:name="android.intent.category.LAUNCHER" />
37-->src\main\AndroidManifest.xml:30:17-77
37-->src\main\AndroidManifest.xml:30:27-74
38            </intent-filter>
39        </activity>
40    </application>
41
42</manifest>